JUnit version 4.12
...E....E.E....E..........E..E.E..E.E.E.E.E.E.........
Time: 0.986
There were 13 failures:
1) encodeTest12(edu.gatech.seclass.encode.MyMainTest)
edu.gatech.seclass.encode.b: You found Bug #1. 
Arguments used: [-r, -5, C:\Users\ronak\AppData\Local\Temp\junit2949915861970365262\junit3748323144780592160.tmp]
File: abc123
xyz987
def456 
Encode result: java.lang.IndexOutOfBoundsException
2) encodeTest16(edu.gatech.seclass.encode.MyMainTest)
edu.gatech.seclass.encode.b: You found Bug #8. 
Arguments used: [-n, -3, C:\Users\ronak\AppData\Local\Temp\junit540060650541755353\junit2226458203277441308.tmp]
File: abc123
xyz987
def456 
Encode result: 0-20-100123
212223987
010203456
3) encodeTest17(edu.gatech.seclass.encode.MyMainTest)
edu.gatech.seclass.encode.b: You found Bug #1. 
Arguments used: [-l, -3, C:\Users\ronak\AppData\Local\Temp\junit3570289260945373035\junit800337585306512003.tmp]
File: abc123
xyz987
def456 
Encode result: java.lang.IndexOutOfBoundsException
4) encodeTest21(edu.gatech.seclass.encode.MyMainTest)
edu.gatech.seclass.encode.b: You found Bug #8. 
Arguments used: [-n, 30, C:\Users\ronak\AppData\Local\Temp\junit3697738729668856651\junit6579379911588473577.tmp]
File: abc123
xyz987
def456 
Encode result: 050607123
282930987
080910456
5) encodeTest31(edu.gatech.seclass.encode.MyMainTest)
edu.gatech.seclass.encode.b: You found Bug #1. 
Arguments used: [-d, -1, C:\Users\ronak\AppData\Local\Temp\junit6447488057067520238\junit7353834314186958477.tmp]
File: abc123  !@# 
xyz987 *()
def456 
Encode result: java.lang.IndexOutOfBoundsException
6) encodeTest33(edu.gatech.seclass.encode.MyMainTest)
edu.gatech.seclass.encode.b: You found Bug #5. 
Arguments used: [-d, 1.5, C:\Users\ronak\AppData\Local\Temp\junit5221267096718654707\junit2450379787648609388.tmp]
File: abc123  !@# 
xyz987 *()
def456 
Encode result: java.lang.NumberFormatException: For input string: "1.5"
7) encodeTest34(edu.gatech.seclass.encode.MyMainTest)
org.junit.ComparisonFailure: expected:<[Usage: encode [-n [int]] [-r int | -l int] [-c string] [-d int] <filename>]> but was:<[]>
	at org.junit.Assert.assertEquals(Assert.java:115)
	at org.junit.Assert.assertEquals(Assert.java:144)
	at edu.gatech.seclass.encode.MyMainTest.encodeTest34(MyMainTest.java:660)
	at sun.reflect.NativeMethodAccessorImpl.invoke0(Native Method)
	at sun.reflect.NativeMethodAccessorImpl.invoke(Unknown Source)
	at sun.reflect.DelegatingMethodAccessorImpl.invoke(Unknown Source)
	at java.lang.reflect.Method.invoke(Unknown Source)
	at org.junit.runners.model.FrameworkMethod$1.runReflectiveCall(FrameworkMethod.java:50)
	at org.junit.internal.runners.model.ReflectiveCallable.run(ReflectiveCallable.java:12)
	at org.junit.runners.model.FrameworkMethod.invokeExplosively(FrameworkMethod.java:47)
	at org.junit.internal.runners.statements.InvokeMethod.evaluate(InvokeMethod.java:17)
	at org.junit.internal.runners.statements.RunBefores.evaluate(RunBefores.java:26)
	at org.junit.internal.runners.statements.RunAfters.evaluate(RunAfters.java:27)
	at org.junit.rules.ExternalResource$1.evaluate(ExternalResource.java:48)
	at org.junit.rules.RunRules.evaluate(RunRules.java:20)
	at org.junit.runners.ParentRunner.runLeaf(ParentRunner.java:325)
	at org.junit.runners.BlockJUnit4ClassRunner.runChild(BlockJUnit4ClassRunner.java:78)
	at org.junit.runners.BlockJUnit4ClassRunner.runChild(BlockJUnit4ClassRunner.java:57)
	at org.junit.runners.ParentRunner$3.run(ParentRunner.java:290)
	at org.junit.runners.ParentRunner$1.schedule(ParentRunner.java:71)
	at org.junit.runners.ParentRunner.runChildren(ParentRunner.java:288)
	at org.junit.runners.ParentRunner.access$000(ParentRunner.java:58)
	at org.junit.runners.ParentRunner$2.evaluate(ParentRunner.java:268)
	at org.junit.runners.ParentRunner.run(ParentRunner.java:363)
	at org.junit.runners.Suite.runChild(Suite.java:128)
	at org.junit.runners.Suite.runChild(Suite.java:27)
	at org.junit.runners.ParentRunner$3.run(ParentRunner.java:290)
	at org.junit.runners.ParentRunner$1.schedule(ParentRunner.java:71)
	at org.junit.runners.ParentRunner.runChildren(ParentRunner.java:288)
	at org.junit.runners.ParentRunner.access$000(ParentRunner.java:58)
	at org.junit.runners.ParentRunner$2.evaluate(ParentRunner.java:268)
	at org.junit.runners.ParentRunner.run(ParentRunner.java:363)
	at org.junit.runner.JUnitCore.run(JUnitCore.java:137)
	at org.junit.runner.JUnitCore.run(JUnitCore.java:115)
	at org.junit.runner.JUnitCore.runMain(JUnitCore.java:77)
	at org.junit.runner.JUnitCore.main(JUnitCore.java:36)
8) encodeTest36(edu.gatech.seclass.encode.MyMainTest)
edu.gatech.seclass.encode.b: You found Bug #3. 
Arguments used: [-r, 1, -r, 3, C:\Users\ronak\AppData\Local\Temp\junit369794132295400013\junit5967642656586989912.tmp]
File: abc123  !@# 
xyz987 *()
def456 
Encode result: 141516123  !@# 
111213987 *()
171819456
9) encodeTest37(edu.gatech.seclass.encode.MyMainTest)
edu.gatech.seclass.encode.b: You found Bug #7. 
Arguments used: [-n, 2, -n, C:\Users\ronak\AppData\Local\Temp\junit2385871750400490042\junit5062690504439535877.tmp]
File: abc123  !@# 
xyz987 *()
def456 
Encode result: java.lang.NumberFormatException
10) encodeTest38(edu.gatech.seclass.encode.MyMainTest)
edu.gatech.seclass.encode.b: You found Bug #2. 
Arguments used: [-c, , C:\Users\ronak\AppData\Local\Temp\junit6971505245624666372\junit1053283599960630666.tmp]
File: abc123  !@# 
xyz987 *()
def456 
Encode result: java.lang.ArrayIndexOutOfBoundsException
11) encodeTest39(edu.gatech.seclass.encode.MyMainTest)
edu.gatech.seclass.encode.b: You found Bug #9. 
Arguments used: [-c, aA, C:\Users\ronak\AppData\Local\Temp\junit447728720133106724\junit911231891005439266.tmp]
File: abc123  !@# 
xyz987 *()
def456 
Encode result: abc123  !@# 
xyz987 *()
def456
12) encodeTest40(edu.gatech.seclass.encode.MyMainTest)
edu.gatech.seclass.encode.b: You found Bug #10. 
Arguments used: [-r, 1, C:\Users\ronak\AppData\Local\Temp\junit5164306971643503856\junit6620351259122261310.tmp]
File: abc123  !@# 

xyz987 *()
def456 
Encode result: java.lang.ArithmeticException
13) encodeTest41(edu.gatech.seclass.encode.MyMainTest)
org.junit.ComparisonFailure: The outputs differ! expected:<[ abc123  !@#
)xyz987 *(
6def45]> but was:<[abc123  !@# 

xyz987 *()
def456]>
	at org.junit.Assert.assertEquals(Assert.java:115)
	at edu.gatech.seclass.encode.MyMainTest.encodeTest41(MyMainTest.java:787)
	at sun.reflect.NativeMethodAccessorImpl.invoke0(Native Method)
	at sun.reflect.NativeMethodAccessorImpl.invoke(Unknown Source)
	at sun.reflect.DelegatingMethodAccessorImpl.invoke(Unknown Source)
	at java.lang.reflect.Method.invoke(Unknown Source)
	at org.junit.runners.model.FrameworkMethod$1.runReflectiveCall(FrameworkMethod.java:50)
	at org.junit.internal.runners.model.ReflectiveCallable.run(ReflectiveCallable.java:12)
	at org.junit.runners.model.FrameworkMethod.invokeExplosively(FrameworkMethod.java:47)
	at org.junit.internal.runners.statements.InvokeMethod.evaluate(InvokeMethod.java:17)
	at org.junit.internal.runners.statements.RunBefores.evaluate(RunBefores.java:26)
	at org.junit.internal.runners.statements.RunAfters.evaluate(RunAfters.java:27)
	at org.junit.rules.ExternalResource$1.evaluate(ExternalResource.java:48)
	at org.junit.rules.RunRules.evaluate(RunRules.java:20)
	at org.junit.runners.ParentRunner.runLeaf(ParentRunner.java:325)
	at org.junit.runners.BlockJUnit4ClassRunner.runChild(BlockJUnit4ClassRunner.java:78)
	at org.junit.runners.BlockJUnit4ClassRunner.runChild(BlockJUnit4ClassRunner.java:57)
	at org.junit.runners.ParentRunner$3.run(ParentRunner.java:290)
	at org.junit.runners.ParentRunner$1.schedule(ParentRunner.java:71)
	at org.junit.runners.ParentRunner.runChildren(ParentRunner.java:288)
	at org.junit.runners.ParentRunner.access$000(ParentRunner.java:58)
	at org.junit.runners.ParentRunner$2.evaluate(ParentRunner.java:268)
	at org.junit.runners.ParentRunner.run(ParentRunner.java:363)
	at org.junit.runners.Suite.runChild(Suite.java:128)
	at org.junit.runners.Suite.runChild(Suite.java:27)
	at org.junit.runners.ParentRunner$3.run(ParentRunner.java:290)
	at org.junit.runners.ParentRunner$1.schedule(ParentRunner.java:71)
	at org.junit.runners.ParentRunner.runChildren(ParentRunner.java:288)
	at org.junit.runners.ParentRunner.access$000(ParentRunner.java:58)
	at org.junit.runners.ParentRunner$2.evaluate(ParentRunner.java:268)
	at org.junit.runners.ParentRunner.run(ParentRunner.java:363)
	at org.junit.runner.JUnitCore.run(JUnitCore.java:137)
	at org.junit.runner.JUnitCore.run(JUnitCore.java:115)
	at org.junit.runner.JUnitCore.runMain(JUnitCore.java:77)
	at org.junit.runner.JUnitCore.main(JUnitCore.java:36)

FAILURES!!!
Tests run: 41,  Failures: 13

